<?xml version="1.0" encoding="UTF-8"?>
<!-- Generated by org.testng.reporters.JUnitXMLReporter -->
<testsuite ignored="2" hostname="LAPTOP-TJ1RLQ10" failures="0" tests="1" name="Default test" time="15.279" errors="0" timestamp="11 Jun 2018 02:53:46 GMT">
  <testcase classname="com.freecrm.test.LoginPageTest" name="loginVerify" time="7.212"/>
  <testcase classname="com.freecrm.test.LoginPageTest" name="validateLoginPageTitle" time="0.0">
    <ignored/>
  </testcase> <!-- validateLoginPageTitle -->
  <testcase classname="com.freecrm.test.LoginPageTest" name="logoVerify" time="0.0">
    <ignored/>
  </testcase> <!-- logoVerify -->
</testsuite> <!-- Default test -->
