<?xml version="1.0" encoding="UTF-8"?>
<!-- Generated by org.testng.reporters.JUnitXMLReporter -->
<testsuite ignored="0" hostname="LAPTOP-TJ1RLQ10" failures="0" tests="3" name="Test" time="12.14" errors="0" timestamp="15 Jun 2018 01:38:16 GMT">
  <testcase classname="com.freecrm.test.LoginPageTest" name="logoVerify" time="0.087"/>
  <testcase classname="com.freecrm.test.LoginPageTest" name="validateLoginPageTitle" time="0.012"/>
  <testcase classname="com.freecrm.test.LoginPageTest" name="loginVerify" time="5.733"/>
</testsuite> <!-- Test -->
