<?xml version="1.0" encoding="UTF-8"?>
<testng-results ignored="0" total="3" passed="3" failed="0" skipped="0">
  <reporter-output>
  </reporter-output>
  <suite started-at="2018-06-15T01:38:04Z" name="Suite" finished-at="2018-06-15T01:38:16Z" duration-ms="12140">
    <groups>
      <group name="regression">
        <method signature="LoginPageTest.validateLoginPageTitle()[pri:2, instance:com.freecrm.test.LoginPageTest@2118cddf]" name="validateLoginPageTitle" class="com.freecrm.test.LoginPageTest"/>
      </group> <!-- regression -->
      <group name="sanity">
        <method signature="LoginPageTest.loginVerify()[pri:3, instance:com.freecrm.test.LoginPageTest@2118cddf]" name="loginVerify" class="com.freecrm.test.LoginPageTest"/>
        <method signature="LoginPageTest.logoVerify()[pri:1, instance:com.freecrm.test.LoginPageTest@2118cddf]" name="logoVerify" class="com.freecrm.test.LoginPageTest"/>
        <method signature="LoginPageTest.validateLoginPageTitle()[pri:2, instance:com.freecrm.test.LoginPageTest@2118cddf]" name="validateLoginPageTitle" class="com.freecrm.test.LoginPageTest"/>
      </group> <!-- sanity -->
    </groups>
    <test started-at="2018-06-15T01:38:04Z" name="Test" finished-at="2018-06-15T01:38:16Z" duration-ms="12140">
      <class name="com.freecrm.test.LoginPageTest">
        <test-method is-config="true" signature="setUp()[pri:0, instance:com.freecrm.test.LoginPageTest@2118cddf]" started-at="2018-06-15T01:38:04Z" name="setUp" finished-at="2018-06-15T01:38:10Z" duration-ms="5955" status="PASS">
          <reporter-output>
          </reporter-output>
        </test-method> <!-- setUp -->
        <test-method signature="logoVerify()[pri:1, instance:com.freecrm.test.LoginPageTest@2118cddf]" started-at="2018-06-15T01:38:10Z" name="logoVerify" finished-at="2018-06-15T01:38:10Z" duration-ms="87" status="PASS">
          <reporter-output>
          </reporter-output>
        </test-method> <!-- logoVerify -->
        <test-method signature="validateLoginPageTitle()[pri:2, instance:com.freecrm.test.LoginPageTest@2118cddf]" started-at="2018-06-15T01:38:10Z" name="validateLoginPageTitle" finished-at="2018-06-15T01:38:10Z" duration-ms="12" status="PASS">
          <reporter-output>
          </reporter-output>
        </test-method> <!-- validateLoginPageTitle -->
        <test-method signature="loginVerify()[pri:3, instance:com.freecrm.test.LoginPageTest@2118cddf]" started-at="2018-06-15T01:38:10Z" name="loginVerify" finished-at="2018-06-15T01:38:16Z" duration-ms="5733" status="PASS">
          <reporter-output>
          </reporter-output>
        </test-method> <!-- loginVerify -->
        <test-method is-config="true" signature="teardown()[pri:0, instance:com.freecrm.test.LoginPageTest@2118cddf]" started-at="2018-06-15T01:38:16Z" name="teardown" finished-at="2018-06-15T01:38:16Z" duration-ms="304" status="PASS">
          <reporter-output>
          </reporter-output>
        </test-method> <!-- teardown -->
      </class> <!-- com.freecrm.test.LoginPageTest -->
    </test> <!-- Test -->
  </suite> <!-- Suite -->
</testng-results>
